<?xml version="1.0" encoding="UTF-8"?>
<!-- Generated by org.testng.reporters.JUnitReportReporter -->
<testsuite hostname="DESKTOP-N97TRSU" failures="0" tests="1" name="com.hrms.testscript1.TC_003" time="8.517" errors="0" timestamp="18 Apr 2023 07:14:16 GMT">
  <testcase classname="com.hrms.testscript1.TC_003" name="tc_003" time="8.517"/>
</testsuite> <!-- com.hrms.testscript1.TC_003 -->
