<?xml version="1.0" encoding="UTF-8"?>
<!-- Generated by org.testng.reporters.JUnitReportReporter -->
<testsuite hostname="DESKTOP-N97TRSU" failures="0" tests="1" name="com.hrms.testscript.TC_001" time="5.840" errors="0" timestamp="18 Apr 2023 04:55:24 GMT">
  <testcase classname="com.hrms.testscript.TC_001" name="method2" time="5.840"/>
</testsuite> <!-- com.hrms.testscript.TC_001 -->
