<?xml version="1.0" encoding="UTF-8"?>
<!-- Generated by org.testng.reporters.JUnitReportReporter -->
<testsuite hostname="DESKTOP-N97TRSU" failures="0" tests="1" name="com.hrms.testscript.TC_002" time="7.527" errors="0" timestamp="18 Apr 2023 05:25:41 GMT">
  <testcase classname="com.hrms.testscript.TC_002" name="methodename" time="7.527"/>
</testsuite> <!-- com.hrms.testscript.TC_002 -->
